2025-10-09 03:43:30 [INFO]  Run skeema init --host host.docker.internal --port 3306 --user root --schema awesome_db -d schema --ignore-table _migration_history
2025-10-09 03:43:32 [INFO]  Saved migration plan to /workspace/migration_plan/0000_init.json
2025-10-09 03:43:32 [INFO]  MYSQL_WD is saved in .env file, path=/workspace/.env
2025-10-09 03:43:32 [INFO]  Done
2025-10-09 03:55:17 [INFO]  Run skeema add-environment dev --host host.docker.internal --port 3307 --user root -d schema --ignore-table _migration_history
2025-10-09 03:55:18 [INFO]  Done
2025-10-09 04:11:21 [INFO]  Executing MigrationPlan(0000_init)
2025-10-09 04:11:21 [INFO]  Run skeema push dev
2025-10-09 04:11:21 [INFO]  Done
2025-10-09 04:15:53 [INFO]  No schema change
2025-10-09 04:15:53 [INFO]  Done
2025-10-09 04:18:06 [INFO]  No schema change
2025-10-09 04:18:06 [INFO]  Done
2025-10-09 06:04:49 [INFO]  Saved migration plan to /workspace/migration_plan/0001_add_address_to_user_tab.json
2025-10-09 06:04:49 [INFO]  Done
2025-10-09 06:10:20 [INFO]  Executing MigrationPlan(0001_add_address_to_user_tab)
2025-10-09 06:10:20 [INFO]  Run skeema push dev
2025-10-09 06:10:21 [INFO]  Done
2025-10-09 06:26:39 [INFO]  Migration history:
|   ver | name                    | type   | state      | rollbackable   | created             | updated             |
|-------+-------------------------+--------+------------+----------------+---------------------+---------------------|
|  0000 | init                    | schema | SUCCESSFUL | false          | 2025-10-09 04:11:21 | 2025-10-09 04:11:22 |
|  0001 | add_address_to_user_tab | schema | SUCCESSFUL | true           | 2025-10-09 06:10:20 | 2025-10-09 06:10:21 |
2025-10-09 06:26:39 [INFO]  Done
2025-10-09 06:27:23 [INFO]  Saved migration plan to /workspace/migration_plan/0002_seed_user_table.json
2025-10-09 06:27:23 [INFO]  Done
2025-10-09 06:30:21 [INFO]  Running in dry run mode, no migration will be executed
2025-10-09 06:30:21 [INFO]  Migration plans to execute:
2025-10-09 06:30:21 [INFO]  Done
2025-10-09 06:30:56 [INFO]  Executing MigrationPlan(0002_seed_user_table)
2025-10-09 06:30:56 [INFO]  Migrated SQL=INSERT INTO `user` (`id`, `name`, `address`) VALUES (1, 'foo', 'bar');, result.rowcount=1
2025-10-09 06:30:56 [INFO]  Done
2025-10-09 06:32:56 [INFO]  Migration history:
|   ver | name                    | type   | state      | rollbackable   | created             | updated             |
|-------+-------------------------+--------+------------+----------------+---------------------+---------------------|
|  0000 | init                    | schema | SUCCESSFUL | false          | 2025-10-09 04:11:21 | 2025-10-09 04:11:22 |
|  0001 | add_address_to_user_tab | schema | SUCCESSFUL | true           | 2025-10-09 06:10:20 | 2025-10-09 06:10:21 |
|  0002 | seed_user_table         | data   | SUCCESSFUL | true           | 2025-10-09 06:30:56 | 2025-10-09 06:30:56 |
2025-10-09 06:32:56 [INFO]  Done
